[2018-06-21 12:04:05.265698] [0x00007f12a2057a00] [info ] (radiotray_ng.cpp:482) - downloading: BBC, 5live, http://open.live.bbc.co.uk/mediaselector/5/redir/version/2.0/mediaset/http-icy-mp3-a-stream/proto/http/vpid/bbc_radio_five_live
[2018-06-21 12:04:06.218226] [0x00007f12a2057a00] [warning] (playlist_downloader.cpp:191) - Content exceeds our limit of 4,096 bytes!
[2018-06-21 12:04:06.218478] [0x00007f12a2057a00] [info ] (playlist_downloader.cpp:95) - no decoders, assuming direct media stream of content-type: audio/mpeg
[2018-06-21 12:08:59.214407] [0x00007f12a2057a00] [info ] (radiotray_ng.cpp:482) - downloading: Imported, LBC UK, http://media-ice.musicradio.com/LBCUK.m3u
[2018-06-21 12:08:59.353031] [0x00007f12a2057a00] [info ] (playlist_downloader.cpp:90) - decoder: M3U, audio/x-mpegurl
[2018-06-21 12:55:49.336926] [0x00007f12a2057a00] [info ] (radiotray_ng.cpp:54) - stopping player
[2018-06-21 13:55:48.870734] [0x00007f12a2057a00] [info ] (radiotray_ng.cpp:482) - downloading: Imported, LBC UK, http://media-ice.musicradio.com/LBCUK.m3u
[2018-06-21 13:55:49.042521] [0x00007f12a2057a00] [info ] (playlist_downloader.cpp:90) - decoder: M3U, audio/x-mpegurl
[2018-06-21 14:08:10.264055] [0x00007f12a2057a00] [info ] (radiotray_ng.cpp:54) - stopping player
[2018-06-21 18:00:52.546987] [0x00007f12a2057a00] [info ] (radiotray_ng.cpp:482) - downloading: Imported, LBC UK, http://media-ice.musicradio.com/LBCUK.m3u
[2018-06-21 18:00:52.789191] [0x00007f12a2057a00] [info ] (playlist_downloader.cpp:90) - decoder: M3U, audio/x-mpegurl
[2018-06-21 18:56:03.033318] [0x00007f12a2057a00] [info ] (radiotray_ng.cpp:54) - stopping player
[2018-06-21 22:15:14.203115] [0x00007f12a2057a00] [info ] (radiotray_ng.cpp:482) - downloading: Imported, LBC UK, http://media-ice.musicradio.com/LBCUK.m3u
[2018-06-21 22:15:14.377931] [0x00007f12a2057a00] [info ] (playlist_downloader.cpp:90) - decoder: M3U, audio/x-mpegurl
[2018-06-21 22:17:23.827207] [0x00007f12a2057a00] [error] (player.cpp:203) - error received from element source: Server does not support seeking.
[2018-06-21 22:17:23.827369] [0x00007f12a2057a00] [error] (player.cpp:204) - debugging information: gstsouphttpsrc.c(1615): gst_soup_http_src_do_request (): /GstPlayBin:player/GstURIDecodeBin:uridecodebin6/GstSoupHTTPSrc:source:
Server does not accept Range HTTP header, URL: http://media-the.musicradio.com:80/LBCUK, Redirect to: (NULL)
[2018-06-21 22:17:23.832431] [0x00007f12a2057a00] [info ] (player.cpp:76) - playlist is empty
[2018-06-21 22:17:24.872907] [0x00007f12a2057a00] [info ] (radiotray_ng.cpp:482) - downloading: Imported, LBC UK, http://media-ice.musicradio.com/LBCUK.m3u
[2018-06-21 22:17:25.027401] [0x00007f12a2057a00] [info ] (playlist_downloader.cpp:90) - decoder: M3U, audio/x-mpegurl
[2018-06-21 22:17:25.197498] [0x00007f12a2057a00] [info ] (player.cpp:299) - canceling outstanding clock request
[2018-06-21 22:22:19.742804] [0x00007f12a2057a00] [info ] (radiotray_ng.cpp:482) - downloading: BBC, 5live, http://open.live.bbc.co.uk/mediaselector/5/redir/version/2.0/mediaset/http-icy-mp3-a-stream/proto/http/vpid/bbc_radio_five_live
[2018-06-21 22:22:20.340423] [0x00007f12a2057a00] [warning] (playlist_downloader.cpp:191) - Content exceeds our limit of 4,096 bytes!
[2018-06-21 22:22:20.340759] [0x00007f12a2057a00] [info ] (playlist_downloader.cpp:95) - no decoders, assuming direct media stream of content-type: audio/mpeg
[2018-06-21 22:22:59.134225] [0x00007f12a2057a00] [info ] (radiotray_ng.cpp:482) - downloading: Imported, LBC UK, http://media-ice.musicradio.com/LBCUK.m3u
[2018-06-21 22:22:59.271916] [0x00007f12a2057a00] [info ] (playlist_downloader.cpp:90) - decoder: M3U, audio/x-mpegurl
[2018-06-21 22:29:30.288199] [0x00007f12a2057a00] [info ] (radiotray_ng.cpp:54) - stopping player
[2018-06-22 17:27:58.466809] [0x00007f88f565da00] [info ] (main.cpp:230) - radiotray-ng (v0.2.2-10-gc18efeb-dirty) starting up
[2018-06-22 17:27:58.468635] [0x00007f88f565da00] [debug] (config.cpp:31) - loading: /home/swipe/.config/radiotray-ng/radiotray-ng.json
[2018-06-22 17:27:58.469160] [0x00007f88f565da00] [info ] (main.cpp:90) - debug logging disabled
[2018-06-22 17:27:58.469211] [0x00007f88f565da00] [info ] (player.cpp:31) - starting gstreamer
[2018-06-22 17:27:58.647851] [0x00007f88f565da00] [info ] (media_keys.cpp:184) - starting media keys
[2018-06-22 17:31:33.234692] [0x00007f88f565da00] [info ] (radiotray_ng.cpp:482) - downloading: BBC, 5live, http://open.live.bbc.co.uk/mediaselector/5/redir/version/2.0/mediaset/http-icy-mp3-a-stream/proto/http/vpid/bbc_radio_five_live
[2018-06-22 17:31:34.125548] [0x00007f88f565da00] [warning] (playlist_downloader.cpp:191) - Content exceeds our limit of 4,096 bytes!
[2018-06-22 17:31:34.125913] [0x00007f88f565da00] [info ] (playlist_downloader.cpp:95) - no decoders, assuming direct media stream of content-type: audio/mpeg
[2018-06-22 17:37:19.115543] [0x00007f88f565da00] [info ] (radiotray_ng.cpp:482) - downloading: Imported, LBC UK, http://media-ice.musicradio.com/LBCUK.m3u
[2018-06-22 17:37:19.250582] [0x00007f88f565da00] [info ] (playlist_downloader.cpp:90) - decoder: M3U, audio/x-mpegurl
[2018-06-22 18:26:13.295688] [0x00007f88f565da00] [error] (player.cpp:203) - error received from element source: Server does not support seeking.
[2018-06-22 18:26:13.295751] [0x00007f88f565da00] [error] (player.cpp:204) - debugging information: gstsouphttpsrc.c(1615): gst_soup_http_src_do_request (): /GstPlayBin:player/GstURIDecodeBin:uridecodebin1/GstSoupHTTPSrc:source:
Server does not accept Range HTTP header, URL: http://media-ice.musicradio.com:80/LBCUK, Redirect to: (NULL)
[2018-06-22 18:26:13.297782] [0x00007f88f565da00] [info ] (player.cpp:76) - playlist is empty
[2018-06-22 18:26:20.813139] [0x00007f88a6d82700] [error] (player.cpp:179) - buffering timeout, restarting stream...
[2018-06-22 19:02:30.037988] [0x00007f88f565da00] [info ] (radiotray_ng.cpp:54) - stopping player
[2018-06-22 19:16:12.006983] [0x00007f88f565da00] [info ] (radiotray_ng.cpp:482) - downloading: Imported, LBC UK, http://media-ice.musicradio.com/LBCUK.m3u
[2018-06-22 19:16:12.848090] [0x00007f88f565da00] [info ] (playlist_downloader.cpp:90) - decoder: M3U, audio/x-mpegurl
[2018-06-22 19:16:26.671636] [0x00007f88f565da00] [info ] (radiotray_ng.cpp:54) - stopping player
[2018-06-22 19:21:49.354555] [0x00007f88f565da00] [info ] (radiotray_ng.cpp:482) - downloading: BBC, 5live, http://open.live.bbc.co.uk/mediaselector/5/redir/version/2.0/mediaset/http-icy-mp3-a-stream/proto/http/vpid/bbc_radio_five_live
[2018-06-22 19:21:50.442774] [0x00007f88f565da00] [warning] (playlist_downloader.cpp:191) - Content exceeds our limit of 4,096 bytes!
[2018-06-22 19:21:50.443028] [0x00007f88f565da00] [info ] (playlist_downloader.cpp:95) - no decoders, assuming direct media stream of content-type: audio/mpeg
[2018-06-22 19:22:01.857515] [0x00007f88f565da00] [info ] (radiotray_ng.cpp:54) - stopping player
[2018-06-22 19:25:50.489573] [0x00007f88f565da00] [info ] (radiotray_ng.cpp:482) - downloading: Imported, LBC UK, http://media-ice.musicradio.com/LBCUK.m3u
[2018-06-22 19:25:51.148124] [0x00007f88f565da00] [info ] (playlist_downloader.cpp:90) - decoder: M3U, audio/x-mpegurl
[2018-06-22 19:26:05.117573] [0x00007f88f565da00] [info ] (radiotray_ng.cpp:54) - stopping player
[2018-06-22 19:34:37.873280] [0x00007f88f565da00] [info ] (radiotray_ng.cpp:482) - downloading: Imported, LBC UK, http://media-ice.musicradio.com/LBCUK.m3u
[2018-06-22 19:34:38.045478] [0x00007f88f565da00] [info ] (playlist_downloader.cpp:90) - decoder: M3U, audio/x-mpegurl
[2018-06-22 19:34:53.720975] [0x00007f88f565da00] [info ] (radiotray_ng.cpp:54) - stopping player
[2018-06-22 21:32:03.257290] [0x00007f88f565da00] [info ] (radiotray_ng.cpp:482) - downloading: Imported, LBC UK, http://media-ice.musicradio.com/LBCUK.m3u
[2018-06-22 21:32:03.486912] [0x00007f88f565da00] [info ] (playlist_downloader.cpp:90) - decoder: M3U, audio/x-mpegurl
[2018-06-22 22:07:56.025990] [0x00007f88f565da00] [info ] (radiotray_ng.cpp:54) - stopping player
[2018-06-23 17:05:37.191098] [0x00007f1338e77a00] [info ] (main.cpp:230) - radiotray-ng (v0.2.2-10-gc18efeb-dirty) starting up
[2018-06-23 17:05:37.191731] [0x00007f1338e77a00] [debug] (config.cpp:31) - loading: /home/swipe/.config/radiotray-ng/radiotray-ng.json
[2018-06-23 17:05:37.191931] [0x00007f1338e77a00] [info ] (main.cpp:90) - debug logging disabled
[2018-06-23 17:05:37.191955] [0x00007f1338e77a00] [info ] (player.cpp:31) - starting gstreamer
[2018-06-23 17:05:37.285158] [0x00007f1338e77a00] [info ] (media_keys.cpp:184) - starting media keys
[2018-06-23 17:07:26.897451] [0x00007fc9f6a5ea00] [info ] (main.cpp:230) - radiotray-ng (v0.2.2-10-gc18efeb-dirty) starting up
[2018-06-23 17:07:26.898013] [0x00007fc9f6a5ea00] [debug] (config.cpp:31) - loading: /home/swipe/.config/radiotray-ng/radiotray-ng.json
[2018-06-23 17:07:26.898329] [0x00007fc9f6a5ea00] [info ] (main.cpp:90) - debug logging disabled
[2018-06-23 17:07:26.898361] [0x00007fc9f6a5ea00] [info ] (player.cpp:31) - starting gstreamer
[2018-06-23 17:07:27.005808] [0x00007fc9f6a5ea00] [info ] (media_keys.cpp:184) - starting media keys
[2018-06-23 17:59:31.014161] [0x00007fc9f6a5ea00] [info ] (radiotray_ng.cpp:482) - downloading: BBC, 5live, http://open.live.bbc.co.uk/mediaselector/5/redir/version/2.0/mediaset/http-icy-mp3-a-stream/proto/http/vpid/bbc_radio_five_live
[2018-06-23 17:59:32.214248] [0x00007fc9f6a5ea00] [warning] (playlist_downloader.cpp:191) - Content exceeds our limit of 4,096 bytes!
[2018-06-23 17:59:32.214636] [0x00007fc9f6a5ea00] [info ] (playlist_downloader.cpp:95) - no decoders, assuming direct media stream of content-type: audio/mpeg
[2018-06-23 17:59:37.549296] [0x00007fc9f6a5ea00] [info ] (radiotray_ng.cpp:54) - stopping player
[2018-06-23 17:59:37.557581] [0x00007fc9f6a5ea00] [info ] (player.cpp:128) - canceling outstanding clock request
[2018-06-23 17:59:40.201127] [0x00007fc9f6a5ea00] [info ] (radiotray_ng.cpp:482) - downloading: Imported, LBC UK, http://media-ice.musicradio.com/LBCUK.m3u
[2018-06-23 17:59:40.440320] [0x00007fc9f6a5ea00] [info ] (playlist_downloader.cpp:90) - decoder: M3U, audio/x-mpegurl
[2018-06-23 17:59:48.679947] [0x00007fc9f6a5ea00] [info ] (radiotray_ng.cpp:54) - stopping player
[2018-06-23 17:59:48.695081] [0x00007fc9f6a5ea00] [info ] (player.cpp:128) - canceling outstanding clock request
[2018-06-23 21:09:29.927717] [0x00007fc9f6a5ea00] [info ] (radiotray_ng.cpp:482) - downloading: Imported, LBC UK, http://media-ice.musicradio.com/LBCUK.m3u
[2018-06-23 21:09:30.169757] [0x00007fc9f6a5ea00] [info ] (playlist_downloader.cpp:90) - decoder: M3U, audio/x-mpegurl
[2018-06-23 21:54:50.714814] [0x00007fc9f6a5ea00] [info ] (radiotray_ng.cpp:54) - stopping player
[2018-06-24 15:38:24.518878] [0x00007f3a905caa00] [info ] (main.cpp:230) - radiotray-ng (v0.2.2-10-gc18efeb-dirty) starting up
[2018-06-24 15:38:24.519438] [0x00007f3a905caa00] [debug] (config.cpp:31) - loading: /home/swipe/.config/radiotray-ng/radiotray-ng.json
[2018-06-24 15:38:24.519637] [0x00007f3a905caa00] [info ] (main.cpp:90) - debug logging disabled
[2018-06-24 15:38:24.519669] [0x00007f3a905caa00] [info ] (player.cpp:31) - starting gstreamer
[2018-06-24 15:38:24.668442] [0x00007f3a905caa00] [info ] (media_keys.cpp:184) - starting media keys
[2018-06-24 15:39:37.523501] [0x00007f3a905caa00] [info ] (radiotray_ng.cpp:482) - downloading: BBC, 5live, http://open.live.bbc.co.uk/mediaselector/5/redir/version/2.0/mediaset/http-icy-mp3-a-stream/proto/http/vpid/bbc_radio_five_live
[2018-06-24 15:39:38.209413] [0x00007f3a905caa00] [warning] (playlist_downloader.cpp:191) - Content exceeds our limit of 4,096 bytes!
[2018-06-24 15:39:38.209549] [0x00007f3a905caa00] [info ] (playlist_downloader.cpp:95) - no decoders, assuming direct media stream of content-type: audio/mpeg
[2018-06-24 15:49:32.944267] [0x00007f3a905caa00] [info ] (radiotray_ng.cpp:54) - stopping player
[2018-06-24 15:58:33.225893] [0x00007f3a905caa00] [info ] (radiotray_ng.cpp:482) - downloading: BBC, 5live, http://open.live.bbc.co.uk/mediaselector/5/redir/version/2.0/mediaset/http-icy-mp3-a-stream/proto/http/vpid/bbc_radio_five_live
[2018-06-24 15:58:34.323567] [0x00007f3a905caa00] [warning] (playlist_downloader.cpp:191) - Content exceeds our limit of 4,096 bytes!
[2018-06-24 15:58:34.323933] [0x00007f3a905caa00] [info ] (playlist_downloader.cpp:95) - no decoders, assuming direct media stream of content-type: audio/mpeg
[2018-06-24 16:19:17.507367] [0x00007f3a905caa00] [info ] (radiotray_ng.cpp:54) - stopping player
[2018-06-24 19:34:58.398140] [0x00007f3a905caa00] [info ] (radiotray_ng.cpp:482) - downloading: BBC, 5live, http://open.live.bbc.co.uk/mediaselector/5/redir/version/2.0/mediaset/http-icy-mp3-a-stream/proto/http/vpid/bbc_radio_five_live
[2018-06-24 19:35:02.357402] [0x00007f3a905caa00] [warning] (playlist_downloader.cpp:191) - Content exceeds our limit of 4,096 bytes!
[2018-06-24 19:35:02.357563] [0x00007f3a905caa00] [info ] (playlist_downloader.cpp:95) - no decoders, assuming direct media stream of content-type: audio/mpeg
[2018-06-24 19:35:10.092500] [0x00007f3a905caa00] [info ] (radiotray_ng.cpp:54) - stopping player
